2025-09-28 17:04:08,694 [INFO] - Results will be saved in: btcusdt_options_call_V2\real_btcusdt_implied_params_mlp\run_4
2025-09-28 17:04:08,713 [INFO] - --- Hyperparameters ---
2025-09-28 17:04:08,713 [INFO] - n_layers: 8
2025-09-28 17:04:08,713 [INFO] - n_hidden: 128
2025-09-28 17:04:08,713 [INFO] - learning_rate: 0.0001
2025-09-28 17:04:08,713 [INFO] - epochs: 50000
2025-09-28 17:04:08,714 [INFO] - data_path: btcusdt_options_call_V2\klines\BTC-250919-116000-C_Weekly_1h.csv
2025-09-28 17:04:08,714 [INFO] - -----------------------
2025-09-28 17:04:08,739 [INFO] - Data loaded successfully from btcusdt_options_call_V2\klines\BTC-250919-116000-C_Weekly_1h.csv. Shape: (169, 16)
2025-09-28 17:04:10,466 [INFO] - Model Architecture:
ImpliedParameterNet(
  (layers): ModuleList(
    (0): Linear(in_features=2, out_features=128, bias=True)
    (1-7): 7 x Linear(in_features=128, out_features=128, bias=True)
    (8): Linear(in_features=128, out_features=2, bias=True)
  )
)
2025-09-28 17:04:10,466 [INFO] - Starting training...
2025-09-28 17:04:18,020 [INFO] - Epoch [1000/50000], Loss: 0.17476541
2025-09-28 17:04:25,240 [INFO] - Epoch [2000/50000], Loss: 0.13365293
2025-09-28 17:04:32,381 [INFO] - Epoch [3000/50000], Loss: 0.11836236
2025-09-28 17:04:39,327 [INFO] - Epoch [4000/50000], Loss: 0.11256189
2025-09-28 17:04:46,497 [INFO] - Epoch [5000/50000], Loss: 0.10928038
2025-09-28 17:04:53,765 [INFO] - Epoch [6000/50000], Loss: 0.11057591
2025-09-28 17:05:01,237 [INFO] - Epoch [7000/50000], Loss: 0.14046891
2025-09-28 17:05:08,547 [INFO] - Epoch [8000/50000], Loss: 0.08793025
2025-09-28 17:05:16,021 [INFO] - Epoch [9000/50000], Loss: 0.07677197
2025-09-28 17:05:23,160 [INFO] - Epoch [10000/50000], Loss: 0.05206580
2025-09-28 17:05:30,637 [INFO] - Epoch [11000/50000], Loss: 0.03946265
2025-09-28 17:05:38,081 [INFO] - Epoch [12000/50000], Loss: 0.03292445
2025-09-28 17:05:45,354 [INFO] - Epoch [13000/50000], Loss: 0.02784191
2025-09-28 17:05:52,600 [INFO] - Epoch [14000/50000], Loss: 0.02470010
2025-09-28 17:05:59,743 [INFO] - Epoch [15000/50000], Loss: 0.02258392
2025-09-28 17:06:07,020 [INFO] - Epoch [16000/50000], Loss: 0.02599561
2025-09-28 17:06:14,387 [INFO] - Epoch [17000/50000], Loss: 0.01927857
2025-09-28 17:06:21,682 [INFO] - Epoch [18000/50000], Loss: 0.01787209
2025-09-28 17:06:28,941 [INFO] - Epoch [19000/50000], Loss: 0.01683079
2025-09-28 17:06:36,296 [INFO] - Epoch [20000/50000], Loss: 0.01600438
2025-09-28 17:06:43,578 [INFO] - Epoch [21000/50000], Loss: 0.02715897
2025-09-28 17:06:50,886 [INFO] - Epoch [22000/50000], Loss: 0.01478513
2025-09-28 17:06:58,092 [INFO] - Epoch [23000/50000], Loss: 0.01441710
2025-09-28 17:07:05,270 [INFO] - Epoch [24000/50000], Loss: 0.01351658
2025-09-28 17:07:12,636 [INFO] - Epoch [25000/50000], Loss: 0.01249124
2025-09-28 17:07:19,817 [INFO] - Epoch [26000/50000], Loss: 0.01238659
2025-09-28 17:07:27,248 [INFO] - Epoch [27000/50000], Loss: 0.01070302
2025-09-28 17:07:34,442 [INFO] - Epoch [28000/50000], Loss: 0.01614022
2025-09-28 17:07:41,800 [INFO] - Epoch [29000/50000], Loss: 0.00707600
2025-09-28 17:07:49,188 [INFO] - Epoch [30000/50000], Loss: 0.00618344
2025-09-28 17:07:56,464 [INFO] - Epoch [31000/50000], Loss: 0.00559981
2025-09-28 17:08:03,607 [INFO] - Epoch [32000/50000], Loss: 0.00521660
2025-09-28 17:08:11,013 [INFO] - Epoch [33000/50000], Loss: 0.00504163
2025-09-28 17:08:18,092 [INFO] - Epoch [34000/50000], Loss: 0.00506103
2025-09-28 17:08:25,340 [INFO] - Epoch [35000/50000], Loss: 0.00528205
2025-09-28 17:08:32,502 [INFO] - Epoch [36000/50000], Loss: 0.00490427
2025-09-28 17:08:39,925 [INFO] - Epoch [37000/50000], Loss: 0.00475003
2025-09-28 17:08:47,440 [INFO] - Epoch [38000/50000], Loss: 0.00473250
2025-09-28 17:08:54,822 [INFO] - Epoch [39000/50000], Loss: 0.00476272
2025-09-28 17:09:02,249 [INFO] - Epoch [40000/50000], Loss: 0.00460367
2025-09-28 17:09:09,489 [INFO] - Epoch [41000/50000], Loss: 0.00512697
2025-09-28 17:09:16,874 [INFO] - Epoch [42000/50000], Loss: 0.00474065
2025-09-28 17:09:24,090 [INFO] - Epoch [43000/50000], Loss: 0.00524839
2025-09-28 17:09:31,427 [INFO] - Epoch [44000/50000], Loss: 0.00538652
2025-09-28 17:09:38,821 [INFO] - Epoch [45000/50000], Loss: 0.00447802
2025-09-28 17:09:46,239 [INFO] - Epoch [46000/50000], Loss: 0.00448643
2025-09-28 17:09:53,850 [INFO] - Epoch [47000/50000], Loss: 0.00445896
2025-09-28 17:10:01,270 [INFO] - Epoch [48000/50000], Loss: 0.00454558
2025-09-28 17:10:08,685 [INFO] - Epoch [49000/50000], Loss: 0.00444757
2025-09-28 17:10:15,836 [INFO] - Epoch [50000/50000], Loss: 0.00444399
2025-09-28 17:10:15,836 [INFO] - Training finished.
2025-09-28 17:10:15,872 [INFO] - Predicted parameters saved to btcusdt_options_call_V2\real_btcusdt_implied_params_mlp\run_4\btc_option_parameters.csv
2025-09-28 17:10:15,872 [INFO] - Generating plots...
2025-09-28 17:10:20,289 [INFO] - All plots generated successfully.
2025-09-28 17:10:20,289 [INFO] - Process completed. All artifacts are in btcusdt_options_call_V2\real_btcusdt_implied_params_mlp\run_4
