--- Created new result directory: btcusdt_options_call_V2\btcusdt_call_pricing_mlp\result_14 ---
--- Log file created at: btcusdt_options_call_V2\btcusdt_call_pricing_mlp\result_14\run_log_2025-11-15_00-35-23.log ---

Using device: cuda:0

==================================================
TRAINING PARAMETERS
==================================================
Market Parameters:
  - Strike Price (K): 116000.0
  - Risk-free Rate (r): 0.05
  - Volatility (sigma): 0.321775
  - Maturity (T): 0.01918 years
  - Price Range (S_range): [90000.0, 140000.0]

PINN & Training Hyperparameters:
  - Input Neurons: 2
  - Output Neurons: 1
  - Hidden Neurons per Layer: 100
  - Number of Hidden Layers: 8
  - Epochs: 80000
  - Learning Rate: 0.0001
  - Samples per Batch (N_SAMPLE): 8000
  - Physics Loss Weight: 0.1
==================================================

Model parameters: 81.20K

--- Starting PINN Training ---
Epoch 1000/80000, Loss: 0.00082027, Data: 0.00056426, PDE: 0.00025601
Epoch 2000/80000, Loss: 0.00012216, Data: 0.00009083, PDE: 0.00003132
Epoch 3000/80000, Loss: 0.00010662, Data: 0.00008842, PDE: 0.00001820
Epoch 4000/80000, Loss: 0.00009924, Data: 0.00008376, PDE: 0.00001548
Epoch 5000/80000, Loss: 0.00010248, Data: 0.00008367, PDE: 0.00001881
Epoch 6000/80000, Loss: 0.00008639, Data: 0.00007791, PDE: 0.00000848
Epoch 7000/80000, Loss: 0.00007913, Data: 0.00007259, PDE: 0.00000654
Epoch 8000/80000, Loss: 0.00007481, Data: 0.00006594, PDE: 0.00000888
Epoch 9000/80000, Loss: 0.00005965, Data: 0.00005559, PDE: 0.00000406
Epoch 10000/80000, Loss: 0.00004735, Data: 0.00004472, PDE: 0.00000264
Epoch 11000/80000, Loss: 0.00003512, Data: 0.00003237, PDE: 0.00000275
Epoch 12000/80000, Loss: 0.00002773, Data: 0.00002541, PDE: 0.00000232
Epoch 13000/80000, Loss: 0.00002431, Data: 0.00002007, PDE: 0.00000424
Epoch 14000/80000, Loss: 0.00001924, Data: 0.00001702, PDE: 0.00000222
Epoch 15000/80000, Loss: 0.00001725, Data: 0.00001511, PDE: 0.00000214
Epoch 16000/80000, Loss: 0.00001872, Data: 0.00001503, PDE: 0.00000369
Epoch 17000/80000, Loss: 0.00001739, Data: 0.00001475, PDE: 0.00000264
Epoch 18000/80000, Loss: 0.00001427, Data: 0.00001282, PDE: 0.00000145
Epoch 19000/80000, Loss: 0.00001519, Data: 0.00001376, PDE: 0.00000143
Epoch 20000/80000, Loss: 0.00001437, Data: 0.00001297, PDE: 0.00000140
Epoch 21000/80000, Loss: 0.00001432, Data: 0.00001308, PDE: 0.00000124
Epoch 22000/80000, Loss: 0.00001235, Data: 0.00001138, PDE: 0.00000097
Epoch 23000/80000, Loss: 0.00001207, Data: 0.00001125, PDE: 0.00000083
Epoch 24000/80000, Loss: 0.00001249, Data: 0.00001157, PDE: 0.00000091
Epoch 25000/80000, Loss: 0.00001239, Data: 0.00001164, PDE: 0.00000075
Epoch 26000/80000, Loss: 0.00001168, Data: 0.00001091, PDE: 0.00000077
Epoch 27000/80000, Loss: 0.00001176, Data: 0.00001095, PDE: 0.00000081
Epoch 28000/80000, Loss: 0.00001139, Data: 0.00001046, PDE: 0.00000093
Epoch 29000/80000, Loss: 0.00001136, Data: 0.00001043, PDE: 0.00000093
Epoch 30000/80000, Loss: 0.00001140, Data: 0.00000993, PDE: 0.00000148
Epoch 31000/80000, Loss: 0.00000910, Data: 0.00000826, PDE: 0.00000084
Epoch 32000/80000, Loss: 0.00001053, Data: 0.00000861, PDE: 0.00000191
Epoch 33000/80000, Loss: 0.00001072, Data: 0.00000757, PDE: 0.00000315
Epoch 34000/80000, Loss: 0.00000931, Data: 0.00000714, PDE: 0.00000217
Epoch 35000/80000, Loss: 0.00000796, Data: 0.00000687, PDE: 0.00000109
Epoch 36000/80000, Loss: 0.00001108, Data: 0.00000629, PDE: 0.00000479
Epoch 37000/80000, Loss: 0.00000755, Data: 0.00000676, PDE: 0.00000079
Epoch 38000/80000, Loss: 0.00000712, Data: 0.00000532, PDE: 0.00000180
Epoch 39000/80000, Loss: 0.00000531, Data: 0.00000471, PDE: 0.00000059
Epoch 40000/80000, Loss: 0.00000531, Data: 0.00000465, PDE: 0.00000066
Epoch 41000/80000, Loss: 0.00002710, Data: 0.00000427, PDE: 0.00002283
Epoch 42000/80000, Loss: 0.00000462, Data: 0.00000406, PDE: 0.00000056
Epoch 43000/80000, Loss: 0.00000649, Data: 0.00000437, PDE: 0.00000213
Epoch 44000/80000, Loss: 0.00000561, Data: 0.00000430, PDE: 0.00000130
Epoch 45000/80000, Loss: 0.00000447, Data: 0.00000379, PDE: 0.00000069
Epoch 46000/80000, Loss: 0.00000393, Data: 0.00000348, PDE: 0.00000045
Epoch 47000/80000, Loss: 0.00000558, Data: 0.00000406, PDE: 0.00000152
Epoch 48000/80000, Loss: 0.00000412, Data: 0.00000317, PDE: 0.00000095
Epoch 49000/80000, Loss: 0.00000352, Data: 0.00000310, PDE: 0.00000042
Epoch 50000/80000, Loss: 0.00000334, Data: 0.00000292, PDE: 0.00000042
Epoch 51000/80000, Loss: 0.00000330, Data: 0.00000278, PDE: 0.00000052
Epoch 52000/80000, Loss: 0.00000327, Data: 0.00000279, PDE: 0.00000048
Epoch 53000/80000, Loss: 0.00000523, Data: 0.00000312, PDE: 0.00000212
Epoch 54000/80000, Loss: 0.00000297, Data: 0.00000234, PDE: 0.00000063
Epoch 55000/80000, Loss: 0.00000311, Data: 0.00000249, PDE: 0.00000062
Epoch 56000/80000, Loss: 0.00000320, Data: 0.00000254, PDE: 0.00000067
Epoch 57000/80000, Loss: 0.00000286, Data: 0.00000220, PDE: 0.00000065
Epoch 58000/80000, Loss: 0.00000267, Data: 0.00000212, PDE: 0.00000054
Epoch 59000/80000, Loss: 0.00000270, Data: 0.00000218, PDE: 0.00000051
Epoch 60000/80000, Loss: 0.00000229, Data: 0.00000187, PDE: 0.00000041
Epoch 61000/80000, Loss: 0.00000310, Data: 0.00000219, PDE: 0.00000091
Epoch 62000/80000, Loss: 0.00000329, Data: 0.00000209, PDE: 0.00000120
Epoch 63000/80000, Loss: 0.00000226, Data: 0.00000180, PDE: 0.00000046
Epoch 64000/80000, Loss: 0.00000356, Data: 0.00000222, PDE: 0.00000133
Epoch 65000/80000, Loss: 0.00000277, Data: 0.00000169, PDE: 0.00000109
Epoch 66000/80000, Loss: 0.00000338, Data: 0.00000169, PDE: 0.00000169
Epoch 67000/80000, Loss: 0.00000250, Data: 0.00000170, PDE: 0.00000080
Epoch 68000/80000, Loss: 0.00000198, Data: 0.00000162, PDE: 0.00000037
Epoch 69000/80000, Loss: 0.00000212, Data: 0.00000175, PDE: 0.00000036
Epoch 70000/80000, Loss: 0.00000203, Data: 0.00000155, PDE: 0.00000048
Epoch 71000/80000, Loss: 0.00000233, Data: 0.00000183, PDE: 0.00000049
Epoch 72000/80000, Loss: 0.00001020, Data: 0.00000213, PDE: 0.00000806
Epoch 73000/80000, Loss: 0.00000189, Data: 0.00000141, PDE: 0.00000048
Epoch 74000/80000, Loss: 0.00000173, Data: 0.00000136, PDE: 0.00000037
Epoch 75000/80000, Loss: 0.00000199, Data: 0.00000166, PDE: 0.00000033
Epoch 76000/80000, Loss: 0.00000177, Data: 0.00000146, PDE: 0.00000031
Epoch 77000/80000, Loss: 0.00000262, Data: 0.00000135, PDE: 0.00000127
Epoch 78000/80000, Loss: 0.00000191, Data: 0.00000154, PDE: 0.00000037
Epoch 79000/80000, Loss: 0.00000174, Data: 0.00000140, PDE: 0.00000033
Epoch 80000/80000, Loss: 0.00000181, Data: 0.00000143, PDE: 0.00000038
--- Training Finished ---

--- Model saved successfully to: btcusdt_options_call_V2\btcusdt_call_pricing_mlp\result_14\pinn_model.pth ---

--- Generating and Saving Visualizations to btcusdt_options_call_V2\btcusdt_call_pricing_mlp\result_14 ---
--- All visualizations saved successfully to btcusdt_options_call_V2\btcusdt_call_pricing_mlp\result_14 ---
